
> task-manager-frontend@0.1.0 dev
> next dev

  ▲ Next.js 14.2.35
  - Local:        http://localhost:3000
  - Environments: .env.local, .env

 ✓ Starting...
 ✓ Ready in 4.7s
 ✓ Compiled /src/middleware in 409ms (72 modules)
 ○ Compiling / ...
 ✓ Compiled / in 2.8s (702 modules)
 GET / 200 in 3537ms
 GET / 200 in 122ms
 ○ Compiling /auth/login ...
 ✓ Compiled /auth/login in 1960ms (708 modules)
 ○ Compiling /_not-found ...
 ✓ Compiled /_not-found in 744ms (711 modules)
 ⚠ Fast Refresh had to perform a full reload. Read more: https://nextjs.org/docs/messages/fast-refresh-reload
 GET /_next/static/webpack/76a86d12f8db583a.webpack.hot-update.json 404 in 1212ms
 GET /auth/login 200 in 77ms
 ○ Compiling /signup ...
 ✓ Compiled /signup in 812ms (717 modules)
 ○ Compiling /auth/signup ...
 ✓ Compiled /auth/signup in 627ms (723 modules)
 ○ Compiling /tasks/new ...
 ✓ Compiled /tasks/new in 1787ms (731 modules)
 GET / 200 in 237ms
